c:\users\shani\source\repos\nnnnnnnnnnnn\nnnnnnnnnnnn\debug\vc142.pdb
c:\users\shani\source\repos\nnnnnnnnnnnn\nnnnnnnnnnnn\debug\vc142.idb
c:\users\shani\source\repos\nnnnnnnnnnnn\nnnnnnnnnnnn\debug\view.obj
c:\users\shani\source\repos\nnnnnnnnnnnn\nnnnnnnnnnnn\debug\testmazegenerator.obj
c:\users\shani\source\repos\nnnnnnnnnnnn\nnnnnnnnnnnn\debug\source.obj
c:\users\shani\source\repos\nnnnnnnnnnnn\nnnnnnnnnnnn\debug\solution.obj
c:\users\shani\source\repos\nnnnnnnnnnnn\nnnnnnnnnnnn\debug\searcher.obj
c:\users\shani\source\repos\nnnnnnnnnnnn\nnnnnnnnnnnn\debug\searchable.obj
c:\users\shani\source\repos\nnnnnnnnnnnn\nnnnnnnnnnnn\debug\position.obj
c:\users\shani\source\repos\nnnnnnnnnnnn\nnnnnnnnnnnn\debug\model.obj
c:\users\shani\source\repos\nnnnnnnnnnnn\nnnnnnnnnnnn\debug\mazecompression.obj
c:\users\shani\source\repos\nnnnnnnnnnnn\nnnnnnnnnnnn\debug\maze2dsearchable.obj
c:\users\shani\source\repos\nnnnnnnnnnnn\nnnnnnnnnnnn\debug\maze2dgenerator.obj
c:\users\shani\source\repos\nnnnnnnnnnnn\nnnnnnnnnnnn\debug\maze2d.obj
c:\users\shani\source\repos\nnnnnnnnnnnn\nnnnnnnnnnnn\debug\demo.obj
c:\users\shani\source\repos\nnnnnnnnnnnn\nnnnnnnnnnnn\debug\controller.obj
c:\users\shani\source\repos\nnnnnnnnnnnn\nnnnnnnnnnnn\debug\commonsearcher.obj
c:\users\shani\source\repos\nnnnnnnnnnnn\nnnnnnnnnnnn\debug\command.obj
c:\users\shani\source\repos\nnnnnnnnnnnn\nnnnnnnnnnnn\debug\cli.obj
c:\users\shani\source\repos\nnnnnnnnnnnn\debug\nnnnnnnnnnnn.exe
c:\users\shani\source\repos\nnnnnnnnnnnn\debug\nnnnnnnnnnnn.ilk
c:\users\shani\source\repos\nnnnnnnnnnnn\debug\nnnnnnnnnnnn.pdb
c:\users\shani\source\repos\nnnnnnnnnnnn\nnnnnnnnnnnn\debug\controller.new.obj.enc
c:\users\shani\source\repos\nnnnnnnnnnnn\nnnnnnnnnnnn\debug\nnnnnnnnnnnn.tlog\cl.command.1.tlog
c:\users\shani\source\repos\nnnnnnnnnnnn\nnnnnnnnnnnn\debug\nnnnnnnnnnnn.tlog\cl.read.1.tlog
c:\users\shani\source\repos\nnnnnnnnnnnn\nnnnnnnnnnnn\debug\nnnnnnnnnnnn.tlog\cl.write.1.tlog
c:\users\shani\source\repos\nnnnnnnnnnnn\nnnnnnnnnnnn\debug\nnnnnnnnnnnn.tlog\link.command.1.tlog
c:\users\shani\source\repos\nnnnnnnnnnnn\nnnnnnnnnnnn\debug\nnnnnnnnnnnn.tlog\link.read.1.tlog
c:\users\shani\source\repos\nnnnnnnnnnnn\nnnnnnnnnnnn\debug\nnnnnnnnnnnn.tlog\link.write.1.tlog
