c:\users\shani\source\repos\finalgames2020\finalgames2020\debug\vc142.pdb
c:\users\shani\source\repos\finalgames2020\finalgames2020\debug\vc142.idb
c:\users\shani\source\repos\finalgames2020\finalgames2020\debug\maze2dgenerator.obj
c:\users\shani\source\repos\finalgames2020\finalgames2020\debug\main.obj
c:\users\shani\source\repos\finalgames2020\finalgames2020\debug\maze2d.obj
c:\users\shani\source\repos\finalgames2020\finalgames2020\debug\testmazegenerator.obj
c:\users\shani\source\repos\finalgames2020\finalgames2020\debug\position.obj
c:\users\shani\source\repos\finalgames2020\debug\finalgames2020.ilk
c:\users\shani\source\repos\finalgames2020\debug\finalgames2020.exe
c:\users\shani\source\repos\finalgames2020\debug\finalgames2020.pdb
c:\users\shani\source\repos\finalgames2020\finalgames2020\debug\finalgames2020.tlog\cl.command.1.tlog
c:\users\shani\source\repos\finalgames2020\finalgames2020\debug\finalgames2020.tlog\cl.read.1.tlog
c:\users\shani\source\repos\finalgames2020\finalgames2020\debug\finalgames2020.tlog\cl.write.1.tlog
c:\users\shani\source\repos\finalgames2020\finalgames2020\debug\finalgames2020.tlog\link.7288-cvtres.read.1.tlog
c:\users\shani\source\repos\finalgames2020\finalgames2020\debug\finalgames2020.tlog\link.7288-cvtres.write.1.tlog
c:\users\shani\source\repos\finalgames2020\finalgames2020\debug\finalgames2020.tlog\link.7288-rc.read.1.tlog
c:\users\shani\source\repos\finalgames2020\finalgames2020\debug\finalgames2020.tlog\link.7288-rc.write.1.tlog
c:\users\shani\source\repos\finalgames2020\finalgames2020\debug\finalgames2020.tlog\link.7288.read.1.tlog
c:\users\shani\source\repos\finalgames2020\finalgames2020\debug\finalgames2020.tlog\link.7288.write.1.tlog
c:\users\shani\source\repos\finalgames2020\finalgames2020\debug\finalgames2020.tlog\link.command.1.tlog
c:\users\shani\source\repos\finalgames2020\finalgames2020\debug\finalgames2020.tlog\link.read.1.tlog
c:\users\shani\source\repos\finalgames2020\finalgames2020\debug\finalgames2020.tlog\link.write.1.tlog
