c:\users\shani\source\repos\finalgames2020\finalgames2020\x64\debug\vc142.pdb
c:\users\shani\source\repos\finalgames2020\finalgames2020\x64\debug\vc142.idb
c:\users\shani\source\repos\finalgames2020\finalgames2020\x64\debug\testmazegenerator.obj
c:\users\shani\source\repos\finalgames2020\finalgames2020\x64\debug\solution.obj
c:\users\shani\source\repos\finalgames2020\finalgames2020\x64\debug\searcher.obj
c:\users\shani\source\repos\finalgames2020\finalgames2020\x64\debug\searchable.obj
c:\users\shani\source\repos\finalgames2020\finalgames2020\x64\debug\demo.obj
c:\users\shani\source\repos\finalgames2020\finalgames2020\x64\debug\position.obj
c:\users\shani\source\repos\finalgames2020\finalgames2020\x64\debug\maze2dsearchable.obj
c:\users\shani\source\repos\finalgames2020\finalgames2020\x64\debug\maze2dgenerator.obj
c:\users\shani\source\repos\finalgames2020\finalgames2020\x64\debug\maze2d.obj
c:\users\shani\source\repos\finalgames2020\finalgames2020\x64\debug\main.obj
c:\users\shani\source\repos\finalgames2020\finalgames2020\x64\debug\commonsearcher.obj
c:\users\shani\source\repos\finalgames2020\x64\debug\finalgames2020.exe
c:\users\shani\source\repos\finalgames2020\x64\debug\finalgames2020.ilk
c:\users\shani\source\repos\finalgames2020\x64\debug\finalgames2020.pdb
c:\users\shani\source\repos\finalgames2020\finalgames2020\x64\debug\finalgames2020.tlog\cl.command.1.tlog
c:\users\shani\source\repos\finalgames2020\finalgames2020\x64\debug\finalgames2020.tlog\cl.read.1.tlog
c:\users\shani\source\repos\finalgames2020\finalgames2020\x64\debug\finalgames2020.tlog\cl.write.1.tlog
c:\users\shani\source\repos\finalgames2020\finalgames2020\x64\debug\finalgames2020.tlog\link.command.1.tlog
c:\users\shani\source\repos\finalgames2020\finalgames2020\x64\debug\finalgames2020.tlog\link.read.1.tlog
c:\users\shani\source\repos\finalgames2020\finalgames2020\x64\debug\finalgames2020.tlog\link.write.1.tlog
